Main/Library/Bee/Android/Prj/Mono2x/Gradle/launcher/build/intermediates/manifest_merge_blame_file/release/manifest-merger-blame-release-report.txt
1<?xml version="1.0" encoding="utf-8"?>
2<manifest xmlns:android="http://schemas.android.com/apk/res/android"
3    package="com.DefaultCompany.test"
4    android:installLocation="preferExternal"
5    android:versionCode="1"
6    android:versionName="1.0" >
7
8    <uses-sdk
9        android:minSdkVersion="22"
9-->src\main\AndroidManifest.xml
10        android:targetSdkVersion="30" />
10-->src\main\AndroidManifest.xml
11
12    <supports-screens
12-->src\main\AndroidManifest.xml:3:3-163
13        android:anyDensity="true"
13-->src\main\AndroidManifest.xml:3:135-160
14        android:largeScreens="true"
14-->src\main\AndroidManifest.xml:3:78-105
15        android:normalScreens="true"
15-->src\main\AndroidManifest.xml:3:49-77
16        android:smallScreens="true"
16-->src\main\AndroidManifest.xml:3:21-48
17        android:xlargeScreens="true" />
17-->src\main\AndroidManifest.xml:3:106-134
18
19    <uses-feature android:glEsVersion="0x00030000" />
19-->[:unityLibrary] AndroidManifest.xml:12:5-54
19-->[:unityLibrary] AndroidManifest.xml:12:19-51
20    <uses-feature
20-->[:unityLibrary] AndroidManifest.xml:13:5-15:36
21        android:name="android.hardware.vulkan.version"
21-->[:unityLibrary] AndroidManifest.xml:14:9-55
22        android:required="false" />
22-->[:unityLibrary] AndroidManifest.xml:15:9-33
23
24    <uses-permission android:name="android.permission.CAMERA" />
24-->[:unityLibrary] AndroidManifest.xml:17:5-65
24-->[:unityLibrary] AndroidManifest.xml:17:22-62
25
26    <uses-feature
26-->[:unityLibrary] AndroidManifest.xml:19:5-21:36
27        android:name="android.hardware.camera"
27-->[:unityLibrary] AndroidManifest.xml:20:9-47
28        android:required="false" />
28-->[:unityLibrary] AndroidManifest.xml:21:9-33
29    <uses-feature
29-->[:unityLibrary] AndroidManifest.xml:22:5-24:36
30        android:name="android.hardware.camera.autofocus"
30-->[:unityLibrary] AndroidManifest.xml:23:9-57
31        android:required="false" />
31-->[:unityLibrary] AndroidManifest.xml:24:9-33
32    <uses-feature
32-->[:unityLibrary] AndroidManifest.xml:25:5-27:36
33        android:name="android.hardware.camera.front"
33-->[:unityLibrary] AndroidManifest.xml:26:9-53
34        android:required="false" />
34-->[:unityLibrary] AndroidManifest.xml:27:9-33
35    <uses-feature
35-->[:unityLibrary] AndroidManifest.xml:28:5-30:36
36        android:name="android.hardware.touchscreen"
36-->[:unityLibrary] AndroidManifest.xml:29:9-52
37        android:required="false" />
37-->[:unityLibrary] AndroidManifest.xml:30:9-33
38    <uses-feature
38-->[:unityLibrary] AndroidManifest.xml:31:5-33:36
39        android:name="android.hardware.touchscreen.multitouch"
39-->[:unityLibrary] AndroidManifest.xml:32:9-63
40        android:required="false" />
40-->[:unityLibrary] AndroidManifest.xml:33:9-33
41    <uses-feature
41-->[:unityLibrary] AndroidManifest.xml:34:5-36:36
42        android:name="android.hardware.touchscreen.multitouch.distinct"
42-->[:unityLibrary] AndroidManifest.xml:35:9-72
43        android:required="false" />
43-->[:unityLibrary] AndroidManifest.xml:36:9-33
44
45    <queries>
45-->[:NativeShare:] AndroidManifest.xml:13:2-22:12
46        <intent>
46-->[:NativeShare:] AndroidManifest.xml:14:3-17:12
47            <action android:name="android.intent.action.SEND" />
47-->[:NativeShare:] AndroidManifest.xml:15:4-56
47-->[:NativeShare:] AndroidManifest.xml:15:12-53
48
49            <data android:mimeType="*/*" />
49-->[:NativeShare:] AndroidManifest.xml:16:4-35
49-->[:NativeShare:] AndroidManifest.xml:16:10-32
50        </intent>
51        <intent>
51-->[:NativeShare:] AndroidManifest.xml:14:3-17:12
52            <action android:name="android.intent.action.SEND_MULTIPLE" />
53
54            <data android:mimeType="*/*" />
54-->[:NativeShare:] AndroidManifest.xml:16:4-35
54-->[:NativeShare:] AndroidManifest.xml:16:10-32
55        </intent>
56    </queries>
57
58    <application
58-->src\main\AndroidManifest.xml:4:3-83
59        android:extractNativeLibs="true"
59-->[:unityLibrary] AndroidManifest.xml:38:18-50
60        android:icon="@mipmap/app_icon"
60-->src\main\AndroidManifest.xml:4:49-80
61        android:label="@string/app_name" >
61-->src\main\AndroidManifest.xml:4:16-48
62        <activity
62-->[:unityLibrary] AndroidManifest.xml:39:9-59:20
63            android:name="com.unity3d.player.UnityPlayerActivity"
63-->[:unityLibrary] AndroidManifest.xml:40:13-66
64            android:configChanges="mcc|mnc|locale|touchscreen|keyboard|keyboardHidden|navigation|orientation|screenLayout|uiMode|screenSize|smallestScreenSize|fontScale|layoutDirection|density"
64-->[:unityLibrary] AndroidManifest.xml:41:13-194
65            android:hardwareAccelerated="false"
65-->[:unityLibrary] AndroidManifest.xml:42:13-48
66            android:launchMode="singleTask"
66-->[:unityLibrary] AndroidManifest.xml:43:13-44
67            android:resizeableActivity="false"
67-->[:unityLibrary] AndroidManifest.xml:44:13-47
68            android:screenOrientation="fullUser"
68-->[:unityLibrary] AndroidManifest.xml:45:13-49
69            android:theme="@style/UnityThemeSelector" >
69-->[:unityLibrary] AndroidManifest.xml:46:13-54
70            <intent-filter>
70-->[:unityLibrary] AndroidManifest.xml:47:13-51:29
71                <action android:name="android.intent.action.MAIN" />
71-->[:unityLibrary] AndroidManifest.xml:48:17-69
71-->[:unityLibrary] AndroidManifest.xml:48:25-66
72
73                <category android:name="android.intent.category.LAUNCHER" />
73-->[:unityLibrary] AndroidManifest.xml:50:17-77
73-->[:unityLibrary] AndroidManifest.xml:50:27-74
74            </intent-filter>
75
76            <meta-data
76-->[:unityLibrary] AndroidManifest.xml:53:13-55:40
77                android:name="unityplayer.UnityActivity"
77-->[:unityLibrary] AndroidManifest.xml:54:17-57
78                android:value="true" />
78-->[:unityLibrary] AndroidManifest.xml:55:17-37
79            <meta-data
79-->[:unityLibrary] AndroidManifest.xml:56:13-58:40
80                android:name="android.notch_support"
80-->[:unityLibrary] AndroidManifest.xml:57:17-53
81                android:value="true" />
81-->[:unityLibrary] AndroidManifest.xml:58:17-37
82        </activity>
83
84        <meta-data
84-->[:unityLibrary] AndroidManifest.xml:61:9-63:33
85            android:name="unity.splash-mode"
85-->[:unityLibrary] AndroidManifest.xml:62:13-45
86            android:value="0" />
86-->[:unityLibrary] AndroidManifest.xml:63:13-30
87        <meta-data
87-->[:unityLibrary] AndroidManifest.xml:64:9-66:36
88            android:name="unity.splash-enable"
88-->[:unityLibrary] AndroidManifest.xml:65:13-47
89            android:value="True" />
89-->[:unityLibrary] AndroidManifest.xml:66:13-33
90        <meta-data
90-->[:unityLibrary] AndroidManifest.xml:67:9-69:36
91            android:name="unity.launch-fullscreen"
91-->[:unityLibrary] AndroidManifest.xml:68:13-51
92            android:value="True" />
92-->[:unityLibrary] AndroidManifest.xml:69:13-33
93        <meta-data
93-->[:unityLibrary] AndroidManifest.xml:70:9-72:37
94            android:name="unity.allow-resizable-window"
94-->[:unityLibrary] AndroidManifest.xml:71:13-56
95            android:value="False" />
95-->[:unityLibrary] AndroidManifest.xml:72:13-34
96        <meta-data
96-->[:unityLibrary] AndroidManifest.xml:73:9-75:50
97            android:name="notch.config"
97-->[:unityLibrary] AndroidManifest.xml:74:13-40
98            android:value="portrait|landscape" />
98-->[:unityLibrary] AndroidManifest.xml:75:13-47
99
100        <activity
100-->[:NativeShare:] AndroidManifest.xml:4:3-145
101            android:name="com.yasirkula.unity.NativeShareCustomShareDialogActivity"
101-->[:NativeShare:] AndroidManifest.xml:4:13-65
102            android:exported="false"
102-->[:NativeShare:] AndroidManifest.xml:4:118-142
103            android:theme="@style/Theme.NativeShareTransparent" />
103-->[:NativeShare:] AndroidManifest.xml:4:66-117
104
105        <receiver
105-->[:NativeShare:] AndroidManifest.xml:5:3-85
106            android:name="com.yasirkula.unity.NativeShareBroadcastListener"
106-->[:NativeShare:] AndroidManifest.xml:5:13-57
107            android:exported="false" />
107-->[:NativeShare:] AndroidManifest.xml:5:58-82
108
109        <provider
109-->[:NativeShare:] AndroidManifest.xml:6:3-10:42
110            android:name="com.yasirkula.unity.NativeShareContentProvider"
110-->[:NativeShare:] AndroidManifest.xml:7:5-66
111            android:authorities="com.DefaultCompany.test.NativeShareContentProvider"
111-->[:NativeShare:] AndroidManifest.xml:8:5-70
112            android:exported="false"
112-->[:NativeShare:] AndroidManifest.xml:9:5-29
113            android:grantUriPermissions="true" />
113-->[:NativeShare:] AndroidManifest.xml:10:5-39
114    </application>
115
116</manifest>